{"C:\\Users\\winfred.chang\\Desktop\\vue-ts1115_0120\\vue-ts1115_1130\\vue-ts\\winfred-vue\\src\\views\\Form.vue": {"path":"C:\\Users\\winfred.chang\\Desktop\\vue-ts1115_0120\\vue-ts1115_1130\\vue-ts\\winfred-vue\\src\\views\\Form.vue","statementMap":{"0":{"start":{"line":43,"column":15},"end":{"line":43,"column":null}},"1":{"start":{"line":45,"column":4},"end":{"line":45,"column":11}},"2":{"start":{"line":54,"column":6},"end":{"line":54,"column":11}},"3":{"start":{"line":55,"column":6},"end":{"line":57,"column":null}},"4":{"start":{"line":56,"column":8},"end":{"line":56,"column":13}},"5":{"start":{"line":58,"column":6},"end":{"line":62,"column":null}},"6":{"start":{"line":59,"column":8},"end":{"line":59,"column":13}},"7":{"start":{"line":60,"column":13},"end":{"line":62,"column":null}},"8":{"start":{"line":61,"column":8},"end":{"line":61,"column":13}},"9":{"start":{"line":63,"column":6},"end":{"line":68,"column":null}},"10":{"start":{"line":64,"column":8},"end":{"line":64,"column":13}},"11":{"start":{"line":67,"column":8},"end":{"line":67,"column":null}},"12":{"start":{"line":69,"column":6},"end":{"line":69,"column":7}},"13":{"start":{"line":72,"column":17},"end":{"line":72,"column":null}},"14":{"start":{"line":73,"column":6},"end":{"line":73,"column":13}}},"fnMap":{"0":{"name":"(anonymous_0)","decl":{"start":{"line":44,"column":2},"end":{"line":44,"column":6}},"loc":{"start":{"line":44,"column":10},"end":{"line":51,"column":null}}},"1":{"name":"(anonymous_1)","decl":{"start":{"line":53,"column":15},"end":{"line":53,"column":25}},"loc":{"start":{"line":53,"column":28},"end":{"line":70,"column":null}}},"2":{"name":"(anonymous_2)","decl":{"start":{"line":71,"column":16},"end":{"line":71,"column":26}},"loc":{"start":{"line":71,"column":33},"end":{"line":74,"column":null}}}},"branchMap":{"0":{"loc":{"start":{"line":55,"column":6},"end":{"line":57,"column":null}},"type":"if","locations":[{"start":{"line":55,"column":6},"end":{"line":57,"column":null}},{"start":{"line":55,"column":6},"end":{"line":57,"column":null}}]},"1":{"loc":{"start":{"line":58,"column":6},"end":{"line":62,"column":null}},"type":"if","locations":[{"start":{"line":58,"column":6},"end":{"line":62,"column":null}},{"start":{"line":58,"column":6},"end":{"line":62,"column":null}}]},"2":{"loc":{"start":{"line":60,"column":13},"end":{"line":62,"column":null}},"type":"if","locations":[{"start":{"line":60,"column":13},"end":{"line":62,"column":null}},{"start":{"line":60,"column":13},"end":{"line":62,"column":null}}]},"3":{"loc":{"start":{"line":63,"column":6},"end":{"line":68,"column":null}},"type":"if","locations":[{"start":{"line":63,"column":6},"end":{"line":68,"column":null}},{"start":{"line":63,"column":6},"end":{"line":68,"column":null}}]}},"s":{"0":1,"1":2,"2":0,"3":0,"4":0,"5":0,"6":0,"7":0,"8":0,"9":0,"10":0,"11":0,"12":0,"13":0,"14":0},"f":{"0":2,"1":0,"2":0},"b":{"0":[0,0],"1":[0,0],"2":[0,0],"3":[0,0]}}
}
